#
# A fatal error has been detected by the Java Runtime Environment:
#
#  EXCEPTION_PRIV_INSTRUCTION (0xc0000096) at pc=0x00000000028056ed, pid=2904, tid=0x0000000000000d80
#
# JRE version: OpenJDK Runtime Environment (8.0_76-b03) (build 1.8.0_76-release-b03)
# Java VM: OpenJDK 64-Bit Server VM (25.76-b03 mixed mode windows-amd64 compressed oops)
# Problematic frame:
# j  sun.nio.ch.FileChannelImpl.size()J+103
#
# Failed to write core dump. Minidumps are not enabled by default on client versions of Windows
#
# If you would like to submit a bug report, please visit:
#   http://bugreport.java.com/bugreport/crash.jsp
#

---------------  T H R E A D  ---------------

Current thread (0x000000005943b000):  JavaThread "Daemon worker" [_thread_in_Java, id=3456, stack(0x000000005a950000,0x000000005aa50000)]

siginfo: ExceptionCode=0xc0000096

Registers:
RAX=0x0000000000000000, RBX=0x00000000000000c1, RCX=0x0000000000000000, RDX=0x0000000000000000
RSP=0x000000005aa4c5d0, RBP=0x000000005aa4c6a8, RSI=0x0000000000001040, RDI=0x0000000002807520
R8 =0x0000000000000061, R9 =0x00000000023c7ee0, R10=0x0000000000000061, R11=0x000000005aa4bda0
R12=0x0000000000000000, R13=0x0000000055b1bf2a, R14=0x000000005aa4c6f8, R15=0x000000005943b000
RIP=0x00000000028056ed, EFLAGS=0x0000000000010202

Top of Stack: (sp=0x000000005aa4c5d0)
0x000000005aa4c5d0:   000000005aa4c638 000000005943b000
0x000000005aa4c5e0:   00000000000000c1 0000000000001040
0x000000005aa4c5f0:   0000000000000000 000000005aa4c5f0
0x000000005aa4c600:   00000000604d8410 000000005aa4c5d0
0x000000005aa4c610:   000000005aa4c4b8 0000000002807520
0x000000005aa4c620:   0000000000001040 000000005aa4c6a8
0x000000005aa4c630:   000000005aa4c658 00000000000000c1
0x000000005aa4c640:   000000005aa4c5f8 00000000000000c0
0x000000005aa4c650:   00000000000000b9 0000000000000001
0x000000005aa4c660:   00000000e21b6f60 000000005aa4c658
0x000000005aa4c670:   0000000055b1bf27 000000005aa4c6f8
0x000000005aa4c680:   0000000055b222a8 0000000000000000
0x000000005aa4c690:   0000000055b1c008 0000000000000000
0x000000005aa4c6a0:   000000005aa4c6f8 000000005aa4c750
0x000000005aa4c6b0:   0000000002807565 0000000000000000
0x000000005aa4c6c0:   0000000000000000 0000000000000000 

Instructions: (pc=0x00000000028056ed)
0x00000000028056cd:   48 b9 80 62 2e 60 00 00 00 00 48 ba 77 56 80 02
0x00000000028056dd:   00 00 00 00 4c 8b c4 48 83 e4 f0 e8 b3 8a 7e 5d
0x00000000028056ed:   f4 66 90 00 00 00 00 00 00 00 00 00 00 00 00 00
0x00000000028056fd:   00 00 00 c0 1a 00 00 00 00 00 00 68 62 2e 60 00 


Register to memory mapping:

RAX=0x0000000000000000 is an unknown value
RBX=0x00000000000000c1 is an unknown value
RCX=0x0000000000000000 is an unknown value
RDX=0x0000000000000000 is an unknown value
RSP=0x000000005aa4c5d0 is pointing into the stack for thread: 0x000000005943b000
RBP=0x000000005aa4c6a8 is pointing into the stack for thread: 0x000000005943b000
RSI=0x0000000000001040 is an unknown value
RDI=0x0000000002807520 is at code_begin+832 in an Interpreter codelet
invoke return entry points  [0x00000000028071e0, 0x0000000002807ae0]  2304 bytes
R8 =0x0000000000000061 is an unknown value
R9 =0x00000000023c7ee0 is an unknown value
R10=0x0000000000000061 is an unknown value
R11=0x000000005aa4bda0 is pointing into the stack for thread: 0x000000005943b000
R12=0x0000000000000000 is an unknown value
R13=0x0000000055b1bf2a is pointing into metadata
R14=0x000000005aa4c6f8 is pointing into the stack for thread: 0x000000005943b000
R15=0x000000005943b000 is a thread


Stack: [0x000000005a950000,0x000000005aa50000],  sp=0x000000005aa4c5d0,  free space=1009k
Native frames: (J=compiled Java code, j=interpreted, Vv=VM code, C=native code)
C  0x00000000028056ed


---------------  P R O C E S S  ---------------

Java Threads: ( => current thread )
  0x0000000059cc7800 JavaThread "File lock request listener" [_thread_in_native, id=7356, stack(0x0000000059f70000,0x000000005a070000)]
  0x0000000059425800 JavaThread "Stdin handler" [_thread_blocked, id=7496, stack(0x000000005aab0000,0x000000005abb0000)]
  0x0000000059439800 JavaThread "Asynchronous log dispatcher for org.gradle.launcher.daemon.server.DefaultDaemonConnection@34a31362" [_thread_in_Java, id=7248, stack(0x000000005a830000,0x000000005a930000)]
=>0x000000005943b000 JavaThread "Daemon worker" [_thread_in_Java, id=3456, stack(0x000000005a950000,0x000000005aa50000)]
  0x0000000059442000 JavaThread "Cancel handler" [_thread_blocked, id=6796, stack(0x000000005a380000,0x000000005a480000)]
  0x00000000593fb800 JavaThread "Handler for socket connection from /127.0.0.1:50615 to /127.0.0.1:50616" [_thread_in_native, id=1812, stack(0x000000005a730000,0x000000005a830000)]
  0x00000000593f5000 JavaThread "Daemon" [_thread_blocked, id=7652, stack(0x000000005a610000,0x000000005a710000)]
  0x000000005939e800 JavaThread "pool-1-thread-1" [_thread_blocked, id=8024, stack(0x000000005a490000,0x000000005a590000)]
  0x000000005932d000 JavaThread "Incoming local TCP Connector on port 50615" [_thread_in_native, id=6928, stack(0x000000005a070000,0x000000005a170000)]
  0x00000000577ef000 JavaThread "Service Thread" daemon [_thread_blocked, id=6284, stack(0x00000000584b0000,0x00000000585b0000)]
  0x0000000057776000 JavaThread "C1 CompilerThread2" daemon [_thread_blocked, id=7316, stack(0x0000000058370000,0x0000000058470000)]
  0x0000000057774000 JavaThread "C2 CompilerThread1" daemon [_thread_in_native, id=6236, stack(0x0000000058230000,0x0000000058330000)]
  0x000000005776a800 JavaThread "C2 CompilerThread0" daemon [_thread_in_native, id=6640, stack(0x0000000058080000,0x0000000058180000)]
  0x00000000561be800 JavaThread "Attach Listener" daemon [_thread_blocked, id=1608, stack(0x0000000057e60000,0x0000000057f60000)]
  0x00000000561af800 JavaThread "Signal Dispatcher" daemon [_thread_blocked, id=3624, stack(0x0000000057c10000,0x0000000057d10000)]
  0x000000005619b000 JavaThread "Finalizer" daemon [_thread_blocked, id=3292, stack(0x0000000057660000,0x0000000057760000)]
  0x0000000056154000 JavaThread "Reference Handler" daemon [_thread_blocked, id=7544, stack(0x0000000057400000,0x0000000057500000)]
  0x000000000256d800 JavaThread "main" [_thread_blocked, id=6172, stack(0x0000000002700000,0x0000000002800000)]

Other Threads:
  0x000000005614d000 VMThread [stack: 0x0000000057220000,0x0000000057320000] [id=3504]
  0x00000000577f1000 WatcherThread [stack: 0x0000000057d10000,0x0000000057e10000] [id=2248]

VM state:not at safepoint (normal execution)

VM Mutex/Monitor currently owned by a thread: None

Heap:
 PSYoungGen      total 123904K, used 44398K [0x00000000e0000000, 0x00000000e8580000, 0x0000000100000000)
  eden space 116224K, 33% used [0x00000000e0000000,0x00000000e25af658,0x00000000e7180000)
  from space 7680K, 75% used [0x00000000e7e00000,0x00000000e83ac518,0x00000000e8580000)
  to   space 10240K, 0% used [0x00000000e7180000,0x00000000e7180000,0x00000000e7b80000)
 ParOldGen       total 53760K, used 11512K [0x00000000a0000000, 0x00000000a3480000, 0x00000000e0000000)
  object space 53760K, 21% used [0x00000000a0000000,0x00000000a0b3e2b0,0x00000000a3480000)
 Metaspace       used 30071K, capacity 30774K, committed 31024K, reserved 1075200K
  class space    used 4096K, capacity 4282K, committed 4400K, reserved 1048576K

Card table byte_map: [0x0000000011bc0000,0x0000000011ed0000] byte_map_base: 0x00000000116c0000

Marking Bits: (ParMarkBitMap*) 0x00000000604e9d00
 Begin Bits: [0x00000000124c0000, 0x0000000013cc0000)
 End Bits:   [0x0000000013cc0000, 0x00000000154c0000)

Polling page: 0x0000000001b60000

CodeCache: size=245760Kb used=11494Kb max_used=11522Kb free=234265Kb
 bounds [0x0000000002800000, 0x0000000003350000, 0x0000000011800000]
 total_blobs=3773 nmethods=3126 adapters=560
 compilation: enabled

Compilation events (10 events):
Event: 4.073 Thread 0x000000005776a800 nmethod 3100 0x000000000332f290 code [0x000000000332f3e0, 0x000000000332f5b8]
Event: 4.073 Thread 0x000000005776a800 3094       4       org.codehaus.groovy.runtime.metaclass.MetaMethodIndex::getOrPutMethods (193 bytes)
Event: 4.074 Thread 0x0000000057776000 3145       3       com.google.common.collect.MapMakerInternalMap$StrongEntry::setValueReference (18 bytes)
Event: 4.074 Thread 0x0000000057776000 nmethod 3145 0x0000000003328a90 code [0x0000000003328c00, 0x0000000003328e48]
Event: 4.076 Thread 0x0000000057776000 3146       1       com.google.common.collect.MapMakerInternalMap$StrongEntry::getValueReference (5 bytes)
Event: 4.077 Thread 0x0000000057776000 nmethod 3146 0x00000000033287d0 code [0x0000000003328920, 0x0000000003328a30]
Event: 4.084 Thread 0x000000005776a800 nmethod 3094 0x000000000332c5d0 code [0x000000000332c740, 0x000000000332cee8]
Event: 4.084 Thread 0x000000005776a800 3097       4       org.codehaus.groovy.runtime.metaclass.MetaMethodIndex::isMatchingMethod (68 bytes)
Event: 4.086 Thread 0x0000000057776000 3147       3       com.google.common.collect.MapMakerInternalMap$WeakValueReference::<init> (12 bytes)
Event: 4.086 Thread 0x0000000057776000 nmethod 3147 0x00000000033281d0 code [0x0000000003328340, 0x0000000003328670]

GC Heap History (10 events):
Event: 1.816 GC heap before
{Heap before GC invocations=3 (full 0):
 PSYoungGen      total 38400K, used 38389K [0x00000000e0000000, 0x00000000e4b00000, 0x0000000100000000)
  eden space 33280K, 100% used [0x00000000e0000000,0x00000000e2080000,0x00000000e2080000)
  from space 5120K, 99% used [0x00000000e2580000,0x00000000e2a7d550,0x00000000e2a80000)
  to   space 5120K, 0% used [0x00000000e2080000,0x00000000e2080000,0x00000000e2580000)
 ParOldGen       total 87552K, used 2308K [0x00000000a0000000, 0x00000000a5580000, 0x00000000e0000000)
  object space 87552K, 2% used [0x00000000a0000000,0x00000000a02411a8,0x00000000a5580000)
 Metaspace       used 19547K, capacity 19882K, committed 20096K, reserved 1067008K
  class space    used 2542K, capacity 2671K, committed 2688K, reserved 1048576K
Event: 1.940 GC heap after
Heap after GC invocations=3 (full 0):
 PSYoungGen      total 38400K, used 5096K [0x00000000e0000000, 0x00000000e4b00000, 0x0000000100000000)
  eden space 33280K, 0% used [0x00000000e0000000,0x00000000e0000000,0x00000000e2080000)
  from space 5120K, 99% used [0x00000000e2080000,0x00000000e257a040,0x00000000e2580000)
  to   space 5120K, 0% used [0x00000000e4600000,0x00000000e4600000,0x00000000e4b00000)
 ParOldGen       total 87552K, used 6707K [0x00000000a0000000, 0x00000000a5580000, 0x00000000e0000000)
  object space 87552K, 7% used [0x00000000a0000000,0x00000000a068cee8,0x00000000a5580000)
 Metaspace       used 19547K, capacity 19882K, committed 20096K, reserved 1067008K
  class space    used 2542K, capacity 2671K, committed 2688K, reserved 1048576K
}
Event: 2.151 GC heap before
{Heap before GC invocations=4 (full 0):
 PSYoungGen      total 38400K, used 19859K [0x00000000e0000000, 0x00000000e4b00000, 0x0000000100000000)
  eden space 33280K, 44% used [0x00000000e0000000,0x00000000e0e6ac30,0x00000000e2080000)
  from space 5120K, 99% used [0x00000000e2080000,0x00000000e257a040,0x00000000e2580000)
  to   space 5120K, 0% used [0x00000000e4600000,0x00000000e4600000,0x00000000e4b00000)
 ParOldGen       total 87552K, used 6707K [0x00000000a0000000, 0x00000000a5580000, 0x00000000e0000000)
  object space 87552K, 7% used [0x00000000a0000000,0x00000000a068cee8,0x00000000a5580000)
 Metaspace       used 20797K, capacity 21234K, committed 21296K, reserved 1067008K
  class space    used 2721K, capacity 2857K, committed 2864K, reserved 1048576K
Event: 2.181 GC heap after
Heap after GC invocations=4 (full 0):
 PSYoungGen      total 71680K, used 5096K [0x00000000e0000000, 0x00000000e4b00000, 0x0000000100000000)
  eden space 66560K, 0% used [0x00000000e0000000,0x00000000e0000000,0x00000000e4100000)
  from space 5120K, 99% used [0x00000000e4600000,0x00000000e4afa040,0x00000000e4b00000)
  to   space 5120K, 0% used [0x00000000e4100000,0x00000000e4100000,0x00000000e4600000)
 ParOldGen       total 87552K, used 9107K [0x00000000a0000000, 0x00000000a5580000, 0x00000000e0000000)
  object space 87552K, 10% used [0x00000000a0000000,0x00000000a08e4eb8,0x00000000a5580000)
 Metaspace       used 20797K, capacity 21234K, committed 21296K, reserved 1067008K
  class space    used 2721K, capacity 2857K, committed 2864K, reserved 1048576K
}
Event: 2.181 GC heap before
{Heap before GC invocations=5 (full 1):
 PSYoungGen      total 71680K, used 5096K [0x00000000e0000000, 0x00000000e4b00000, 0x0000000100000000)
  eden space 66560K, 0% used [0x00000000e0000000,0x00000000e0000000,0x00000000e4100000)
  from space 5120K, 99% used [0x00000000e4600000,0x00000000e4afa040,0x00000000e4b00000)
  to   space 5120K, 0% used [0x00000000e4100000,0x00000000e4100000,0x00000000e4600000)
 ParOldGen       total 87552K, used 9107K [0x00000000a0000000, 0x00000000a5580000, 0x00000000e0000000)
  object space 87552K, 10% used [0x00000000a0000000,0x00000000a08e4eb8,0x00000000a5580000)
 Metaspace       used 20797K, capacity 21234K, committed 21296K, reserved 1067008K
  class space    used 2721K, capacity 2857K, committed 2864K, reserved 1048576K
Event: 2.227 GC heap after
Heap after GC invocations=5 (full 1):
 PSYoungGen      total 71680K, used 0K [0x00000000e0000000, 0x00000000e4b00000, 0x0000000100000000)
  eden space 66560K, 0% used [0x00000000e0000000,0x00000000e0000000,0x00000000e4100000)
  from space 5120K, 0% used [0x00000000e4600000,0x00000000e4600000,0x00000000e4b00000)
  to   space 5120K, 0% used [0x00000000e4100000,0x00000000e4100000,0x00000000e4600000)
 ParOldGen       total 53760K, used 8871K [0x00000000a0000000, 0x00000000a3480000, 0x00000000e0000000)
  object space 53760K, 16% used [0x00000000a0000000,0x00000000a08a9fa8,0x00000000a3480000)
 Metaspace       used 20797K, capacity 21234K, committed 21296K, reserved 1067008K
  class space    used 2721K, capacity 2857K, committed 2864K, reserved 1048576K
}
Event: 2.941 GC heap before
{Heap before GC invocations=6 (full 1):
 PSYoungGen      total 71680K, used 66560K [0x00000000e0000000, 0x00000000e4b00000, 0x0000000100000000)
  eden space 66560K, 100% used [0x00000000e0000000,0x00000000e4100000,0x00000000e4100000)
  from space 5120K, 0% used [0x00000000e4600000,0x00000000e4600000,0x00000000e4b00000)
  to   space 5120K, 0% used [0x00000000e4100000,0x00000000e4100000,0x00000000e4600000)
 ParOldGen       total 53760K, used 8871K [0x00000000a0000000, 0x00000000a3480000, 0x00000000e0000000)
  object space 53760K, 16% used [0x00000000a0000000,0x00000000a08a9fa8,0x00000000a3480000)
 Metaspace       used 25997K, capacity 26604K, committed 26800K, reserved 1073152K
  class space    used 3591K, capacity 3744K, committed 3760K, reserved 1048576K
Event: 2.975 GC heap after
Heap after GC invocations=6 (full 1):
 PSYoungGen      total 71680K, used 5100K [0x00000000e0000000, 0x00000000e8800000, 0x0000000100000000)
  eden space 66560K, 0% used [0x00000000e0000000,0x00000000e0000000,0x00000000e4100000)
  from space 5120K, 99% used [0x00000000e4100000,0x00000000e45fb3c8,0x00000000e4600000)
  to   space 10240K, 0% used [0x00000000e7e00000,0x00000000e7e00000,0x00000000e8800000)
 ParOldGen       total 53760K, used 11504K [0x00000000a0000000, 0x00000000a3480000, 0x00000000e0000000)
  object space 53760K, 21% used [0x00000000a0000000,0x00000000a0b3c2b0,0x00000000a3480000)
 Metaspace       used 25997K, capacity 26604K, committed 26800K, reserved 1073152K
  class space    used 3591K, capacity 3744K, committed 3760K, reserved 1048576K
}
Event: 3.586 GC heap before
{Heap before GC invocations=7 (full 1):
 PSYoungGen      total 71680K, used 71660K [0x00000000e0000000, 0x00000000e8800000, 0x0000000100000000)
  eden space 66560K, 100% used [0x00000000e0000000,0x00000000e4100000,0x00000000e4100000)
  from space 5120K, 99% used [0x00000000e4100000,0x00000000e45fb3c8,0x00000000e4600000)
  to   space 10240K, 0% used [0x00000000e7e00000,0x00000000e7e00000,0x00000000e8800000)
 ParOldGen       total 53760K, used 11504K [0x00000000a0000000, 0x00000000a3480000, 0x00000000e0000000)
  object space 53760K, 21% used [0x00000000a0000000,0x00000000a0b3c2b0,0x00000000a3480000)
 Metaspace       used 28147K, capacity 28740K, committed 28848K, reserved 1075200K
  class space    used 3854K, capacity 4004K, committed 4016K, reserved 1048576K
Event: 3.594 GC heap after
Heap after GC invocations=7 (full 1):
 PSYoungGen      total 123904K, used 5809K [0x00000000e0000000, 0x00000000e8580000, 0x0000000100000000)
  eden space 116224K, 0% used [0x00000000e0000000,0x00000000e0000000,0x00000000e7180000)
  from space 7680K, 75% used [0x00000000e7e00000,0x00000000e83ac518,0x00000000e8580000)
  to   space 10240K, 0% used [0x00000000e7180000,0x00000000e7180000,0x00000000e7b80000)
 ParOldGen       total 53760K, used 11512K [0x00000000a0000000, 0x00000000a3480000, 0x00000000e0000000)
  object space 53760K, 21% used [0x00000000a0000000,0x00000000a0b3e2b0,0x00000000a3480000)
 Metaspace       used 28147K, capacity 28740K, committed 28848K, reserved 1075200K
  class space    used 3854K, capacity 4004K, committed 4016K, reserved 1048576K
}

Deoptimization events (10 events):
Event: 2.986 Thread 0x000000005943b000 Uncommon trap: reason=unstable_if action=reinterpret pc=0x0000000002c7135c method=java.lang.AbstractStringBuilder.append(Ljava/lang/String;)Ljava/lang/AbstractStringBuilder; @ 1
Event: 3.253 Thread 0x000000005943b000 Uncommon trap: reason=unstable_if action=reinterpret pc=0x0000000003066808 method=org.apache.xerces.dom.ParentNode.nodeListGetLength()I @ 22
Event: 3.260 Thread 0x000000005943b000 Uncommon trap: reason=unstable_if action=reinterpret pc=0x0000000003057488 method=org.apache.xerces.dom.ParentNode.nodeListGetLength()I @ 22
Event: 3.401 Thread 0x000000005943b000 Uncommon trap: reason=unstable_if action=reinterpret pc=0x00000000030ca6d8 method=org.apache.xerces.impl.XMLEntityScanner.skipSpaces()Z @ 70
Event: 3.401 Thread 0x000000005943b000 Uncommon trap: reason=unstable_if action=reinterpret pc=0x000000000308a614 method=org.apache.xerces.impl.XMLEntityScanner.scanContent(Lorg/apache/xerces/xni/XMLString;)I @ 134
Event: 3.401 Thread 0x000000005943b000 Uncommon trap: reason=unstable_if action=reinterpret pc=0x0000000003072438 method=org.apache.xerces.impl.XMLEntityScanner.skipSpaces()Z @ 70
Event: 3.434 Thread 0x000000005943b000 Uncommon trap: reason=unstable_if action=reinterpret pc=0x0000000003092818 method=org.apache.xerces.impl.XMLEntityScanner.peekChar()I @ 53
Event: 3.445 Thread 0x000000005943b000 Uncommon trap: reason=unstable_if action=reinterpret pc=0x0000000003196624 method=org.apache.xerces.impl.XMLEntityScanner.scanData(Ljava/lang/String;Lorg/apache/xerces/util/XMLStringBuffer;)Z @ 332
Event: 3.517 Thread 0x000000005943b000 Uncommon trap: reason=unstable_if action=reinterpret pc=0x0000000003060b70 method=org.apache.xerces.impl.io.UTF8Reader.read([CII)I @ 123
Event: 3.963 Thread 0x0000000059439800 Uncommon trap: reason=unstable_if action=reinterpret pc=0x00000000032db56c method=com.esotericsoftware.kryo.io.Output.writeString(Ljava/lang/CharSequence;)V @ 1

Internal exceptions (10 events):
Event: 3.951 Thread 0x000000005943b000 Exception <a 'java/lang/ClassNotFoundException': org/gradle/api/DefaultTaskBeanInfo> (0x00000000e19593c8) thrown at [C:\src\android\AOSP-openjdk\external\jetbrains\jdk\hotspot\src\share\vm\classfile\systemDictionary.cpp, line 210]
Event: 3.952 Thread 0x000000005943b000 Exception <a 'java/lang/ClassNotFoundException': org/gradle/api/internal/AbstractTaskBeanInfo> (0x00000000e197b028) thrown at [C:\src\android\AOSP-openjdk\external\jetbrains\jdk\hotspot\src\share\vm\classfile\systemDictionary.cpp, line 210]
Event: 3.952 Thread 0x000000005943b000 Exception <a 'java/lang/ClassNotFoundException': org/gradle/api/internal/AbstractTaskCustomizer> (0x00000000e199d5f8) thrown at [C:\src\android\AOSP-openjdk\external\jetbrains\jdk\hotspot\src\share\vm\classfile\systemDictionary.cpp, line 210]
Event: 3.955 Thread 0x000000005943b000 Exception <a 'java/lang/ClassNotFoundException': org/gradle/api/DefaultTaskCustomizer> (0x00000000e1a196b8) thrown at [C:\src\android\AOSP-openjdk\external\jetbrains\jdk\hotspot\src\share\vm\classfile\systemDictionary.cpp, line 210]
Event: 3.956 Thread 0x000000005943b000 Exception <a 'java/lang/ClassNotFoundException': org/gradle/api/internal/ConventionTaskCustomizer> (0x00000000e1a4aac0) thrown at [C:\src\android\AOSP-openjdk\external\jetbrains\jdk\hotspot\src\share\vm\classfile\systemDictionary.cpp, line 210]
Event: 3.957 Thread 0x000000005943b000 Exception <a 'java/lang/ClassNotFoundException': org/gradle/api/tasks/DeleteCustomizer> (0x00000000e1a7a788) thrown at [C:\src\android\AOSP-openjdk\external\jetbrains\jdk\hotspot\src\share\vm\classfile\systemDictionary.cpp, line 210]
Event: 3.958 Thread 0x000000005943b000 Exception <a 'java/lang/ClassNotFoundException': org/gradle/api/tasks/Delete_DecoratedCustomizer> (0x00000000e1ab38a0) thrown at [C:\src\android\AOSP-openjdk\external\jetbrains\jdk\hotspot\src\share\vm\classfile\systemDictionary.cpp, line 210]
Event: 3.963 Thread 0x0000000059439800 Implicit null exception at 0x00000000032db2a0 to 0x00000000032db559
Event: 3.982 Thread 0x000000005943b000 Exception <a 'java/lang/ClassNotFoundException': build_7ci3q2ho3w0fy79dy89qt4502BeanInfo> (0x00000000e1b92ef0) thrown at [C:\src\android\AOSP-openjdk\external\jetbrains\jdk\hotspot\src\share\vm\classfile\systemDictionary.cpp, line 210]
Event: 3.982 Thread 0x000000005943b000 Exception <a 'java/lang/ClassNotFoundException': build_7ci3q2ho3w0fy79dy89qt4502Customizer> (0x00000000e1ba1ea0) thrown at [C:\src\android\AOSP-openjdk\external\jetbrains\jdk\hotspot\src\share\vm\classfile\systemDictionary.cpp, line 210]

Events (10 events):
Event: 4.115 loading class com/google/gson/internal/bind/ReflectiveTypeAdapterFactory$BoundField
Event: 4.115 loading class com/google/gson/internal/bind/ReflectiveTypeAdapterFactory$BoundField done
Event: 4.115 loading class com/google/gson/internal/bind/ReflectiveTypeAdapterFactory$1
Event: 4.115 loading class com/google/gson/internal/bind/ReflectiveTypeAdapterFactory$1 done
Event: 4.116 loading class com/google/gson/internal/bind/ReflectiveTypeAdapterFactory$Adapter
Event: 4.116 loading class com/google/gson/internal/bind/ReflectiveTypeAdapterFactory$Adapter done
Event: 4.117 loading class com/google/gson/internal/JsonReaderInternalAccess
Event: 4.118 loading class com/google/gson/internal/JsonReaderInternalAccess done
Event: 4.118 loading class com/google/gson/stream/JsonReader$1
Event: 4.118 loading class com/google/gson/stream/JsonReader$1 done


Dynamic libraries:
0x000000013f330000 - 0x000000013f361000 	E:\ASE\jre\bin\java.exe
0x00000000771e0000 - 0x000000007738a000 	C:\windows\SYSTEM32\ntdll.dll
0x0000000076d40000 - 0x0000000076e5f000 	C:\windows\system32\kernel32.dll
0x000007fefd810000 - 0x000007fefd87b000 	C:\windows\system32\KERNELBASE.dll
0x000007fefda10000 - 0x000007fefdaeb000 	C:\windows\system32\ADVAPI32.dll
0x000007fefe6c0000 - 0x000007fefe75f000 	C:\windows\system32\msvcrt.dll
0x000007fefdb80000 - 0x000007fefdb9f000 	C:\windows\SYSTEM32\sechost.dll
0x000007fefdc70000 - 0x000007fefdd9d000 	C:\windows\system32\RPCRT4.dll
0x0000000076ae0000 - 0x0000000076bda000 	C:\windows\system32\USER32.dll
0x000007fefdc00000 - 0x000007fefdc67000 	C:\windows\system32\GDI32.dll
0x000007fefdaf0000 - 0x000007fefdafe000 	C:\windows\system32\LPK.dll
0x000007fefe5b0000 - 0x000007fefe67a000 	C:\windows\system32\USP10.dll
0x000007fefc0e0000 - 0x000007fefc2d4000 	C:\windows\WinSxS\amd64_microsoft.windows.common-controls_6595b64144ccf1df_6.0.7601.18837_none_fa3b1e3d17594757\COMCTL32.dll
0x000007fefdb00000 - 0x000007fefdb71000 	C:\windows\system32\SHLWAPI.dll
0x000007fefe680000 - 0x000007fefe6ae000 	C:\windows\system32\IMM32.DLL
0x000007fefdda0000 - 0x000007fefdea9000 	C:\windows\system32\MSCTF.dll
0x000000005fc50000 - 0x000000005fd22000 	E:\ASE\jre\jre\bin\msvcr100.dll
0x000000005fd30000 - 0x0000000060564000 	E:\ASE\jre\jre\bin\server\jvm.dll
0x000007fef7570000 - 0x000007fef7579000 	C:\windows\system32\WSOCK32.dll
0x000007fefe2c0000 - 0x000007fefe30d000 	C:\windows\system32\WS2_32.dll
0x000007fefe6b0000 - 0x000007fefe6b8000 	C:\windows\system32\NSI.dll
0x000007fefa800000 - 0x000007fefa83b000 	C:\windows\system32\WINMM.dll
0x000007fefc7a0000 - 0x000007fefc7ac000 	C:\windows\system32\VERSION.dll
0x00000000773b0000 - 0x00000000773b7000 	C:\windows\system32\PSAPI.DLL
0x000007fef7560000 - 0x000007fef756f000 	E:\ASE\jre\jre\bin\verify.dll
0x000007fef3960000 - 0x000007fef3989000 	E:\ASE\jre\jre\bin\java.dll
0x000007fef3940000 - 0x000007fef3956000 	E:\ASE\jre\jre\bin\zip.dll
0x000007fefe760000 - 0x000007feff4e9000 	C:\windows\system32\SHELL32.dll
0x000007fefe0b0000 - 0x000007fefe2b3000 	C:\windows\system32\ole32.dll
0x000007fefd640000 - 0x000007fefd64f000 	C:\windows\system32\profapi.dll
0x000007fef4610000 - 0x000007fef462a000 	E:\ASE\jre\jre\bin\net.dll
0x000007fefce70000 - 0x000007fefcec5000 	C:\windows\system32\mswsock.dll
0x000007fefce60000 - 0x000007fefce67000 	C:\windows\System32\wship6.dll
0x000007fef4280000 - 0x000007fef4291000 	E:\ASE\jre\jre\bin\nio.dll
0x000007fef43c0000 - 0x000007fef43d2000 	C:\Users\Administrator\.gradle\native\19\windows-amd64\native-platform.dll
0x000007fefced0000 - 0x000007fefcee8000 	C:\windows\system32\CRYPTSP.dll
0x000007fefcbd0000 - 0x000007fefcc17000 	C:\windows\system32\rsaenh.dll
0x000007fefc990000 - 0x000007fefc9ae000 	C:\windows\system32\USERENV.dll
0x000007fefd530000 - 0x000007fefd53f000 	C:\windows\system32\CRYPTBASE.dll
0x000007fefb160000 - 0x000007fefb187000 	C:\windows\system32\IPHLPAPI.DLL
0x000007fefb150000 - 0x000007fefb15b000 	C:\windows\system32\WINNSI.DLL
0x000007fefb050000 - 0x000007fefb061000 	C:\windows\system32\dhcpcsvc6.DLL
0x000007fefb030000 - 0x000007fefb048000 	C:\windows\system32\dhcpcsvc.DLL
0x000007fef41e0000 - 0x000007fef41ed000 	E:\ASE\jre\jre\bin\management.dll
0x000007fefd4d0000 - 0x000007fefd527000 	C:\windows\system32\apphelp.dll
0x000007fef3e80000 - 0x000007fef3fa5000 	C:\windows\system32\dbghelp.dll

VM Arguments:
jvm_args: -Xmx1536m -Dfile.encoding=GBK -Duser.country=CN -Duser.language=zh -Duser.variant 
java_command: org.gradle.launcher.daemon.bootstrap.GradleDaemon 2.14.1
java_class_path (initial): E:\ASE\gradle\gradle-2.14.1\lib\gradle-launcher-2.14.1.jar
Launcher Type: SUN_STANDARD

Environment Variables:
PATH=C:\ProgramData\Oracle\Java\javapath;C:\windows\system32;C:\windows;C:\windows\System32\Wbem;C:\windows\System32\WindowsPowerShell\v1.0\
USERNAME=Administrator
OS=Windows_NT
PROCESSOR_IDENTIFIER=Intel64 Family 6 Model 60 Stepping 3, GenuineIntel



---------------  S Y S T E M  ---------------

OS: Windows 7 , 64 bit Build 7601 (6.1.7601.19160)

CPU:total 4 (2 cores per cpu, 2 threads per core) family 6 model 60 stepping 3, cmov, cx8, fxsr, mmx, sse, sse2, sse3, ssse3, sse4.1, sse4.2, popcnt, avx, avx2, aes, clmul, erms, lzcnt, ht, tsc, tscinvbit, bmi1, bmi2

Memory: 4k page, physical 8299388k(5230316k free), swap 16596940k(13364176k free)

vm_info: OpenJDK 64-Bit Server VM (25.76-b03) for windows-amd64 JRE (1.8.0_76-release-b03), built on Jun 29 2016 19:09:20 by "ralucas" with MS VC++ 10.0 (VS2010)

time: Mon Dec 05 10:46:16 2016
elapsed time: 4 seconds (0d 0h 0m 4s)

