#
# A fatal error has been detected by the Java Runtime Environment:
#
#  EXCEPTION_PRIV_INSTRUCTION (0xc0000096) at pc=0x00000000029756ed, pid=7968, tid=0x0000000000000b24
#
# JRE version: OpenJDK Runtime Environment (8.0_76-b03) (build 1.8.0_76-release-b03)
# Java VM: OpenJDK 64-Bit Server VM (25.76-b03 mixed mode windows-amd64 compressed oops)
# Problematic frame:
# j  sun.nio.ch.FileChannelImpl.size()J+103
#
# Failed to write core dump. Minidumps are not enabled by default on client versions of Windows
#
# If you would like to submit a bug report, please visit:
#   http://bugreport.java.com/bugreport/crash.jsp
#

---------------  T H R E A D  ---------------

Current thread (0x00000000594f0000):  JavaThread "Daemon worker" [_thread_in_Java, id=2852, stack(0x000000005ac80000,0x000000005ad80000)]

siginfo: ExceptionCode=0xc0000096

Registers:
RAX=0x0000000000000000, RBX=0x00000000000000c1, RCX=0x0000000000000000, RDX=0x0000000000000000
RSP=0x000000005ad7bf20, RBP=0x000000005ad7bff8, RSI=0x0000000000000c90, RDI=0x0000000002977520
R8 =0x0000000000000061, R9 =0x0000000002547ee0, R10=0x0000000000000061, R11=0x000000005ad7b6f0
R12=0x0000000000000000, R13=0x0000000055ddbeea, R14=0x000000005ad7c048, R15=0x00000000594f0000
RIP=0x00000000029756ed, EFLAGS=0x0000000000010206

Top of Stack: (sp=0x000000005ad7bf20)
0x000000005ad7bf20:   000000005ad7bf88 00000000594f0000
0x000000005ad7bf30:   00000000000000c1 0000000000000c90
0x000000005ad7bf40:   0000000000000000 000000005ad7bf40
0x000000005ad7bf50:   00000000604d8410 000000005ad7bf20
0x000000005ad7bf60:   000000005ad7be08 0000000002977520
0x000000005ad7bf70:   0000000000000c90 000000005ad7bff8
0x000000005ad7bf80:   000000005ad7bfa8 00000000000000c1
0x000000005ad7bf90:   000000005ad7bf48 00000000000000c0
0x000000005ad7bfa0:   00000000000000b9 00000000e126d080
0x000000005ad7bfb0:   00000000e126d080 000000005ad7bfa8
0x000000005ad7bfc0:   0000000055ddbee7 000000005ad7c048
0x000000005ad7bfd0:   0000000055de2268 0000000000000000
0x000000005ad7bfe0:   0000000055ddbfc8 0000000000000000
0x000000005ad7bff0:   000000005ad7c048 000000005ad7c0a0
0x000000005ad7c000:   0000000002977565 0000000000000000
0x000000005ad7c010:   0000000000000000 0000000000000000 

Instructions: (pc=0x00000000029756ed)
0x00000000029756cd:   48 b9 80 62 2e 60 00 00 00 00 48 ba 77 56 97 02
0x00000000029756dd:   00 00 00 00 4c 8b c4 48 83 e4 f0 e8 b3 8a 67 5d
0x00000000029756ed:   f4 66 90 00 00 00 00 00 00 00 00 00 00 00 00 00
0x00000000029756fd:   00 00 00 c0 1a 00 00 00 00 00 00 68 62 2e 60 00 


Register to memory mapping:

RAX=0x0000000000000000 is an unknown value
RBX=0x00000000000000c1 is an unknown value
RCX=0x0000000000000000 is an unknown value
RDX=0x0000000000000000 is an unknown value
RSP=0x000000005ad7bf20 is pointing into the stack for thread: 0x00000000594f0000
RBP=0x000000005ad7bff8 is pointing into the stack for thread: 0x00000000594f0000
RSI=0x0000000000000c90 is an unknown value
RDI=0x0000000002977520 is at code_begin+832 in an Interpreter codelet
invoke return entry points  [0x00000000029771e0, 0x0000000002977ae0]  2304 bytes
R8 =0x0000000000000061 is an unknown value
R9 =0x0000000002547ee0 is an unknown value
R10=0x0000000000000061 is an unknown value
R11=0x000000005ad7b6f0 is pointing into the stack for thread: 0x00000000594f0000
R12=0x0000000000000000 is an unknown value
R13=0x0000000055ddbeea is pointing into metadata
R14=0x000000005ad7c048 is pointing into the stack for thread: 0x00000000594f0000
R15=0x00000000594f0000 is a thread


Stack: [0x000000005ac80000,0x000000005ad80000],  sp=0x000000005ad7bf20,  free space=1007k
Native frames: (J=compiled Java code, j=interpreted, Vv=VM code, C=native code)
C  0x00000000029756ed


---------------  P R O C E S S  ---------------

Java Threads: ( => current thread )
  0x000000005cacb800 JavaThread "File lock request listener" [_thread_in_native, id=7332, stack(0x000000005eb30000,0x000000005ec30000)]
  0x0000000059561800 JavaThread "Stdin handler" [_thread_blocked, id=5172, stack(0x000000005ade0000,0x000000005aee0000)]
  0x0000000059525000 JavaThread "Asynchronous log dispatcher for org.gradle.launcher.daemon.server.DefaultDaemonConnection@34a31362" [_thread_blocked, id=7912, stack(0x000000005a940000,0x000000005aa40000)]
=>0x00000000594f0000 JavaThread "Daemon worker" [_thread_in_Java, id=2852, stack(0x000000005ac80000,0x000000005ad80000)]
  0x00000000594e3000 JavaThread "Cancel handler" [_thread_blocked, id=3444, stack(0x000000005aad0000,0x000000005abd0000)]
  0x0000000059554000 JavaThread "Handler for socket connection from /127.0.0.1:50606 to /127.0.0.1:50607" [_thread_in_native, id=8140, stack(0x000000005a820000,0x000000005a920000)]
  0x0000000059553000 JavaThread "Daemon" [_thread_blocked, id=5640, stack(0x000000005a660000,0x000000005a760000)]
  0x0000000059476800 JavaThread "pool-1-thread-1" [_thread_blocked, id=5532, stack(0x000000005a460000,0x000000005a560000)]
  0x000000005940c800 JavaThread "Incoming local TCP Connector on port 50606" [_thread_in_native, id=6156, stack(0x0000000059fb0000,0x000000005a0b0000)]
  0x00000000577f1000 JavaThread "Service Thread" daemon [_thread_blocked, id=6996, stack(0x0000000058380000,0x0000000058480000)]
  0x000000005776b800 JavaThread "C1 CompilerThread2" daemon [_thread_blocked, id=6292, stack(0x0000000058260000,0x0000000058360000)]
  0x0000000057769800 JavaThread "C2 CompilerThread1" daemon [_thread_in_native, id=7204, stack(0x0000000057d80000,0x0000000057e80000)]
  0x000000005647e000 JavaThread "C2 CompilerThread0" daemon [_thread_in_native, id=7936, stack(0x00000000580c0000,0x00000000581c0000)]
  0x000000005775a800 JavaThread "Attach Listener" daemon [_thread_blocked, id=2040, stack(0x0000000057f10000,0x0000000058010000)]
  0x000000005646b000 JavaThread "Signal Dispatcher" daemon [_thread_blocked, id=2408, stack(0x0000000057c30000,0x0000000057d30000)]
  0x0000000056456800 JavaThread "Finalizer" daemon [_thread_blocked, id=7180, stack(0x00000000573a0000,0x00000000574a0000)]
  0x000000005640f800 JavaThread "Reference Handler" daemon [_thread_blocked, id=7376, stack(0x0000000057650000,0x0000000057750000)]
  0x000000000261d800 JavaThread "main" [_thread_blocked, id=6956, stack(0x0000000002870000,0x0000000002970000)]

Other Threads:
  0x0000000056407800 VMThread [stack: 0x0000000057520000,0x0000000057620000] [id=6108]
  0x00000000577f3000 WatcherThread [stack: 0x00000000585a0000,0x00000000586a0000] [id=7304]

VM state:not at safepoint (normal execution)

VM Mutex/Monitor currently owned by a thread: None

Heap:
 PSYoungGen      total 97280K, used 27854K [0x00000000e0000000, 0x00000000e8780000, 0x0000000100000000)
  eden space 92160K, 24% used [0x00000000e0000000,0x00000000e16383b0,0x00000000e5a00000)
  from space 5120K, 99% used [0x00000000e8200000,0x00000000e86fb5a8,0x00000000e8700000)
  to   space 512K, 0% used [0x00000000e8700000,0x00000000e8700000,0x00000000e8780000)
 ParOldGen       total 79872K, used 13689K [0x00000000a0000000, 0x00000000a4e00000, 0x00000000e0000000)
  object space 79872K, 17% used [0x00000000a0000000,0x00000000a0d5e428,0x00000000a4e00000)
 Metaspace       used 29742K, capacity 30292K, committed 30592K, reserved 1075200K
  class space    used 4034K, capacity 4179K, committed 4224K, reserved 1048576K

Card table byte_map: [0x0000000011d30000,0x0000000012040000] byte_map_base: 0x0000000011830000

Marking Bits: (ParMarkBitMap*) 0x00000000604e9d00
 Begin Bits: [0x0000000012780000, 0x0000000013f80000)
 End Bits:   [0x0000000013f80000, 0x0000000015780000)

Polling page: 0x0000000000130000

CodeCache: size=245760Kb used=10732Kb max_used=10732Kb free=235027Kb
 bounds [0x0000000002970000, 0x0000000003400000, 0x0000000011970000]
 total_blobs=3639 nmethods=2996 adapters=556
 compilation: enabled

Compilation events (10 events):
Event: 4.165 Thread 0x000000005776b800 3014       3       com.google.common.collect.MapMakerInternalMap$Segment::postReadCleanup (18 bytes)
Event: 4.166 Thread 0x000000005776b800 nmethod 3014 0x00000000033ed210 code [0x00000000033ed3c0, 0x00000000033edb18]
Event: 4.167 Thread 0x000000005776b800 3015       3       com.google.common.collect.MapMakerInternalMap$Segment::drainValueReferenceQueue (43 bytes)
Event: 4.167 Thread 0x000000005776b800 nmethod 3015 0x00000000033eddd0 code [0x00000000033edfc0, 0x00000000033eea58]
Event: 4.171 Thread 0x000000005776b800 3016       3       com.google.common.collect.MapMakerInternalMap$WeakValueReference::<init> (12 bytes)
Event: 4.172 Thread 0x000000005776b800 nmethod 3016 0x00000000033eee90 code [0x00000000033ef000, 0x00000000033ef330]
Event: 4.177 Thread 0x000000005776b800 3017       1       com.google.common.collect.MapMakerInternalMap$StrongEntry::getValueReference (5 bytes)
Event: 4.177 Thread 0x000000005776b800 nmethod 3017 0x00000000033ef490 code [0x00000000033ef5e0, 0x00000000033ef6f0]
Event: 4.185 Thread 0x000000005776b800 3018       3       org.gradle.internal.classloader.FilteringClassLoader::classAllowed (116 bytes)
Event: 4.186 Thread 0x000000005776b800 nmethod 3018 0x00000000033ef750 code [0x00000000033ef9a0, 0x00000000033f0858]

GC Heap History (10 events):
Event: 1.211 GC heap before
{Heap before GC invocations=2 (full 0):
 PSYoungGen      total 38400K, used 38240K [0x00000000e0000000, 0x00000000e4b00000, 0x0000000100000000)
  eden space 33280K, 100% used [0x00000000e0000000,0x00000000e2080000,0x00000000e2080000)
  from space 5120K, 96% used [0x00000000e2080000,0x00000000e25583c8,0x00000000e2580000)
  to   space 5120K, 0% used [0x00000000e4600000,0x00000000e4600000,0x00000000e4b00000)
 ParOldGen       total 87552K, used 8K [0x00000000a0000000, 0x00000000a5580000, 0x00000000e0000000)
  object space 87552K, 0% used [0x00000000a0000000,0x00000000a0002000,0x00000000a5580000)
 Metaspace       used 13655K, capacity 13996K, committed 14336K, reserved 1060864K
  class space    used 1828K, capacity 1940K, committed 2048K, reserved 1048576K
Event: 1.233 GC heap after
Heap after GC invocations=2 (full 0):
 PSYoungGen      total 71680K, used 5088K [0x00000000e0000000, 0x00000000e4b00000, 0x0000000100000000)
  eden space 66560K, 0% used [0x00000000e0000000,0x00000000e0000000,0x00000000e4100000)
  from space 5120K, 99% used [0x00000000e4600000,0x00000000e4af83f0,0x00000000e4b00000)
  to   space 5120K, 0% used [0x00000000e4100000,0x00000000e4100000,0x00000000e4600000)
 ParOldGen       total 87552K, used 2227K [0x00000000a0000000, 0x00000000a5580000, 0x00000000e0000000)
  object space 87552K, 2% used [0x00000000a0000000,0x00000000a022cc58,0x00000000a5580000)
 Metaspace       used 13655K, capacity 13996K, committed 14336K, reserved 1060864K
  class space    used 1828K, capacity 1940K, committed 2048K, reserved 1048576K
}
Event: 1.839 GC heap before
{Heap before GC invocations=3 (full 0):
 PSYoungGen      total 71680K, used 54036K [0x00000000e0000000, 0x00000000e4b00000, 0x0000000100000000)
  eden space 66560K, 73% used [0x00000000e0000000,0x00000000e2fccf40,0x00000000e4100000)
  from space 5120K, 99% used [0x00000000e4600000,0x00000000e4af83f0,0x00000000e4b00000)
  to   space 5120K, 0% used [0x00000000e4100000,0x00000000e4100000,0x00000000e4600000)
 ParOldGen       total 87552K, used 2227K [0x00000000a0000000, 0x00000000a5580000, 0x00000000e0000000)
  object space 87552K, 2% used [0x00000000a0000000,0x00000000a022cc58,0x00000000a5580000)
 Metaspace       used 20800K, capacity 21108K, committed 21296K, reserved 1067008K
  class space    used 2729K, capacity 2851K, committed 2944K, reserved 1048576K
Event: 1.873 GC heap after
Heap after GC invocations=3 (full 0):
 PSYoungGen      total 71680K, used 5112K [0x00000000e0000000, 0x00000000e8c00000, 0x0000000100000000)
  eden space 66560K, 0% used [0x00000000e0000000,0x00000000e0000000,0x00000000e4100000)
  from space 5120K, 99% used [0x00000000e4100000,0x00000000e45fe050,0x00000000e4600000)
  to   space 5120K, 0% used [0x00000000e8700000,0x00000000e8700000,0x00000000e8c00000)
 ParOldGen       total 87552K, used 8554K [0x00000000a0000000, 0x00000000a5580000, 0x00000000e0000000)
  object space 87552K, 9% used [0x00000000a0000000,0x00000000a085abb0,0x00000000a5580000)
 Metaspace       used 20800K, capacity 21108K, committed 21296K, reserved 1067008K
  class space    used 2729K, capacity 2851K, committed 2944K, reserved 1048576K
}
Event: 1.873 GC heap before
{Heap before GC invocations=4 (full 1):
 PSYoungGen      total 71680K, used 5112K [0x00000000e0000000, 0x00000000e8c00000, 0x0000000100000000)
  eden space 66560K, 0% used [0x00000000e0000000,0x00000000e0000000,0x00000000e4100000)
  from space 5120K, 99% used [0x00000000e4100000,0x00000000e45fe050,0x00000000e4600000)
  to   space 5120K, 0% used [0x00000000e8700000,0x00000000e8700000,0x00000000e8c00000)
 ParOldGen       total 87552K, used 8554K [0x00000000a0000000, 0x00000000a5580000, 0x00000000e0000000)
  object space 87552K, 9% used [0x00000000a0000000,0x00000000a085abb0,0x00000000a5580000)
 Metaspace       used 20800K, capacity 21108K, committed 21296K, reserved 1067008K
  class space    used 2729K, capacity 2851K, committed 2944K, reserved 1048576K
Event: 2.189 GC heap after
Heap after GC invocations=4 (full 1):
 PSYoungGen      total 71680K, used 0K [0x00000000e0000000, 0x00000000e8c00000, 0x0000000100000000)
  eden space 66560K, 0% used [0x00000000e0000000,0x00000000e0000000,0x00000000e4100000)
  from space 5120K, 0% used [0x00000000e4100000,0x00000000e4100000,0x00000000e4600000)
  to   space 5120K, 0% used [0x00000000e8700000,0x00000000e8700000,0x00000000e8c00000)
 ParOldGen       total 79872K, used 11169K [0x00000000a0000000, 0x00000000a4e00000, 0x00000000e0000000)
  object space 79872K, 13% used [0x00000000a0000000,0x00000000a0ae8590,0x00000000a4e00000)
 Metaspace       used 20800K, capacity 21108K, committed 21296K, reserved 1067008K
  class space    used 2729K, capacity 2851K, committed 2944K, reserved 1048576K
}
Event: 2.935 GC heap before
{Heap before GC invocations=5 (full 1):
 PSYoungGen      total 71680K, used 66560K [0x00000000e0000000, 0x00000000e8c00000, 0x0000000100000000)
  eden space 66560K, 100% used [0x00000000e0000000,0x00000000e4100000,0x00000000e4100000)
  from space 5120K, 0% used [0x00000000e4100000,0x00000000e4100000,0x00000000e4600000)
  to   space 5120K, 0% used [0x00000000e8700000,0x00000000e8700000,0x00000000e8c00000)
 ParOldGen       total 79872K, used 11169K [0x00000000a0000000, 0x00000000a4e00000, 0x00000000e0000000)
  object space 79872K, 13% used [0x00000000a0000000,0x00000000a0ae8590,0x00000000a4e00000)
 Metaspace       used 26074K, capacity 26442K, committed 26752K, reserved 1073152K
  class space    used 3590K, capacity 3705K, committed 3712K, reserved 1048576K
Event: 2.966 GC heap after
Heap after GC invocations=5 (full 1):
 PSYoungGen      total 83456K, used 5098K [0x00000000e0000000, 0x00000000e8c00000, 0x0000000100000000)
  eden space 78336K, 0% used [0x00000000e0000000,0x00000000e0000000,0x00000000e4c80000)
  from space 5120K, 99% used [0x00000000e8700000,0x00000000e8bfaaa8,0x00000000e8c00000)
  to   space 5120K, 0% used [0x00000000e8200000,0x00000000e8200000,0x00000000e8700000)
 ParOldGen       total 79872K, used 13585K [0x00000000a0000000, 0x00000000a4e00000, 0x00000000e0000000)
  object space 79872K, 17% used [0x00000000a0000000,0x00000000a0d44400,0x00000000a4e00000)
 Metaspace       used 26074K, capacity 26442K, committed 26752K, reserved 1073152K
  class space    used 3590K, capacity 3705K, committed 3712K, reserved 1048576K
}
Event: 3.704 GC heap before
{Heap before GC invocations=6 (full 1):
 PSYoungGen      total 83456K, used 83434K [0x00000000e0000000, 0x00000000e8c00000, 0x0000000100000000)
  eden space 78336K, 100% used [0x00000000e0000000,0x00000000e4c80000,0x00000000e4c80000)
  from space 5120K, 99% used [0x00000000e8700000,0x00000000e8bfaaa8,0x00000000e8c00000)
  to   space 5120K, 0% used [0x00000000e8200000,0x00000000e8200000,0x00000000e8700000)
 ParOldGen       total 79872K, used 13585K [0x00000000a0000000, 0x00000000a4e00000, 0x00000000e0000000)
  object space 79872K, 17% used [0x00000000a0000000,0x00000000a0d44400,0x00000000a4e00000)
 Metaspace       used 27796K, capacity 28258K, committed 28544K, reserved 1073152K
  class space    used 3775K, capacity 3901K, committed 3968K, reserved 1048576K
Event: 3.727 GC heap after
Heap after GC invocations=6 (full 1):
 PSYoungGen      total 97280K, used 5101K [0x00000000e0000000, 0x00000000e8780000, 0x0000000100000000)
  eden space 92160K, 0% used [0x00000000e0000000,0x00000000e0000000,0x00000000e5a00000)
  from space 5120K, 99% used [0x00000000e8200000,0x00000000e86fb5a8,0x00000000e8700000)
  to   space 512K, 0% used [0x00000000e8700000,0x00000000e8700000,0x00000000e8780000)
 ParOldGen       total 79872K, used 13689K [0x00000000a0000000, 0x00000000a4e00000, 0x00000000e0000000)
  object space 79872K, 17% used [0x00000000a0000000,0x00000000a0d5e428,0x00000000a4e00000)
 Metaspace       used 27796K, capacity 28258K, committed 28544K, reserved 1073152K
  class space    used 3775K, capacity 3901K, committed 3968K, reserved 1048576K
}

Deoptimization events (10 events):
Event: 3.353 Thread 0x00000000594f0000 Uncommon trap: reason=unstable_if action=reinterpret pc=0x0000000003196d74 method=org.apache.xerces.impl.XMLEntityScanner.skipSpaces()Z @ 70
Event: 3.372 Thread 0x00000000594f0000 Uncommon trap: reason=unstable_if action=reinterpret pc=0x00000000031ec1d8 method=org.apache.xerces.impl.XMLEntityScanner.peekChar()I @ 53
Event: 3.493 Thread 0x00000000594f0000 Uncommon trap: reason=unstable_if action=reinterpret pc=0x000000000319c130 method=org.apache.xerces.impl.io.UTF8Reader.read([CII)I @ 123
Event: 3.500 Thread 0x00000000594f0000 Uncommon trap: reason=unstable_if action=reinterpret pc=0x0000000003276abc method=org.apache.xerces.impl.XMLEntityScanner.scanData(Ljava/lang/String;Lorg/apache/xerces/util/XMLStringBuffer;)Z @ 673
Event: 4.084 Thread 0x00000000594f0000 Uncommon trap: reason=bimorphic action=maybe_recompile pc=0x00000000031c6dd8 method=java.lang.ClassLoader.getPackage(Ljava/lang/String;)Ljava/lang/Package; @ 47
Event: 4.086 Thread 0x00000000594f0000 Uncommon trap: reason=bimorphic action=maybe_recompile pc=0x00000000031c6dd8 method=java.lang.ClassLoader.getPackage(Ljava/lang/String;)Ljava/lang/Package; @ 47
Event: 4.087 Thread 0x00000000594f0000 Uncommon trap: reason=bimorphic action=maybe_recompile pc=0x00000000031c6dd8 method=java.lang.ClassLoader.getPackage(Ljava/lang/String;)Ljava/lang/Package; @ 47
Event: 4.088 Thread 0x00000000594f0000 Uncommon trap: reason=bimorphic action=maybe_recompile pc=0x00000000031c6dd8 method=java.lang.ClassLoader.getPackage(Ljava/lang/String;)Ljava/lang/Package; @ 47
Event: 4.089 Thread 0x00000000594f0000 Uncommon trap: reason=bimorphic action=maybe_recompile pc=0x0000000003172590 method=java.lang.ClassLoader.getPackage(Ljava/lang/String;)Ljava/lang/Package; @ 47
Event: 4.117 Thread 0x0000000059525000 Uncommon trap: reason=unstable_if action=reinterpret pc=0x0000000003356c2c method=com.esotericsoftware.kryo.io.Output.writeString(Ljava/lang/CharSequence;)V @ 1

Internal exceptions (10 events):
Event: 4.039 Thread 0x00000000594f0000 Exception <a 'java/lang/ClassNotFoundException': org/gradle/api/internal/ConventionTaskCustomizer> (0x00000000e0971bb0) thrown at [C:\src\android\AOSP-openjdk\external\jetbrains\jdk\hotspot\src\share\vm\classfile\systemDictionary.cpp, line 210]
Event: 4.040 Thread 0x00000000594f0000 Exception <a 'java/lang/ClassNotFoundException': org/gradle/api/tasks/DeleteCustomizer> (0x00000000e09a1888) thrown at [C:\src\android\AOSP-openjdk\external\jetbrains\jdk\hotspot\src\share\vm\classfile\systemDictionary.cpp, line 210]
Event: 4.041 Thread 0x00000000594f0000 Exception <a 'java/lang/ClassNotFoundException': org/gradle/api/tasks/Delete_DecoratedCustomizer> (0x00000000e09da9d0) thrown at [C:\src\android\AOSP-openjdk\external\jetbrains\jdk\hotspot\src\share\vm\classfile\systemDictionary.cpp, line 210]
Event: 4.074 Thread 0x00000000594f0000 Exception <a 'java/lang/ClassNotFoundException': build_7ci3q2ho3w0fy79dy89qt4502BeanInfo> (0x00000000e0b3ee90) thrown at [C:\src\android\AOSP-openjdk\external\jetbrains\jdk\hotspot\src\share\vm\classfile\systemDictionary.cpp, line 210]
Event: 4.075 Thread 0x00000000594f0000 Exception <a 'java/lang/ClassNotFoundException': build_7ci3q2ho3w0fy79dy89qt4502Customizer> (0x00000000e0b4e210) thrown at [C:\src\android\AOSP-openjdk\external\jetbrains\jdk\hotspot\src\share\vm\classfile\systemDictionary.cpp, line 210]
Event: 4.079 Thread 0x00000000594f0000 Exception <a 'java/lang/ClassNotFoundException': org/gradle/api/internal/plugins/DefaultObjectConfigurationActionBeanInfo> (0x00000000e0ba30d8) thrown at [C:\src\android\AOSP-openjdk\external\jetbrains\jdk\hotspot\src\share\vm\classfile\systemDictionary.cp‡bºn#Q@
Event: 4.079 Thread 0x00000000594f0000 Exception <a 'java/lang/ClassNotFoundException': org/gradle/api/internal/plugins/DefaultObjectConfigurationActionCustomizer> (0x00000000e0bcfa80) thrown at [C:\src\android\AOSP-openjdk\external\jetbrains\jdk\hotspot\src\share\vm\classfile\systemDictionary.œ	ÕS@
Event: 4.081 Thread 0x00000000594f0000 Exception <a 'java/lang/ClassNotFoundException': org/gradle/api/plugins/ObjectConfigurationActionBeanInfo> (0x00000000e0c14360) thrown at [C:\src\android\AOSP-openjdk\external\jetbrains\jdk\hotspot\src\share\vm\classfile\systemDictionary.cpp, line 210]
Event: 4.082 Thread 0x00000000594f0000 Exception <a 'java/lang/ClassNotFoundException': org/gradle/api/plugins/ObjectConfigurationActionCustomizer> (0x00000000e0c39d00) thrown at [C:\src\android\AOSP-openjdk\external\jetbrains\jdk\hotspot\src\share\vm\classfile\systemDictionary.cpp, line 210]
Event: 4.117 Thread 0x0000000059525000 Implicit null exception at 0x0000000003356960 to 0x0000000003356c19

Events (10 events):
Event: 4.185 loading class com/google/gson/internal/bind/ReflectiveTypeAdapterFactory$BoundField
Event: 4.185 loading class com/google/gson/internal/bind/ReflectiveTypeAdapterFactory$BoundField done
Event: 4.185 loading class com/google/gson/internal/bind/ReflectiveTypeAdapterFactory$1
Event: 4.185 loading class com/google/gson/internal/bind/ReflectiveTypeAdapterFactory$1 done
Event: 4.185 loading class com/google/gson/internal/bind/ReflectiveTypeAdapterFactory$Adapter
Event: 4.185 loading class com/google/gson/internal/bind/ReflectiveTypeAdapterFactory$Adapter done
Event: 4.187 loading class com/google/gson/internal/JsonReaderInternalAccess
Event: 4.187 loading class com/google/gson/internal/JsonReaderInternalAccess done
Event: 4.188 loading class com/google/gson/stream/JsonReader$1
Event: 4.188 loading class com/google/gson/stream/JsonReader$1 done


Dynamic libraries:
0x000000013f0a0000 - 0x000000013f0d1000 	E:\ASE\jre\bin\java.exe
0x00000000771e0000 - 0x000000007738a000 	C:\windows\SYSTEM32\ntdll.dll
0x0000000076d40000 - 0x0000000076e5f000 	C:\windows\system32\kernel32.dll
0x000007fefd810000 - 0x000007fefd87b000 	C:\windows\system32\KERNELBASE.dll
0x000007fefda10000 - 0x000007fefdaeb000 	C:\windows\system32\ADVAPI32.dll
0x000007fefe6c0000 - 0x000007fefe75f000 	C:\windows\system32\msvcrt.dll
0x000007fefdb80000 - 0x000007fefdb9f000 	C:\windows\SYSTEM32\sechost.dll
0x000007fefdc70000 - 0x000007fefdd9d000 	C:\windows\system32\RPCRT4.dll
0x0000000076ae0000 - 0x0000000076bda000 	C:\windows\system32\USER32.dll
0x000007fefdc00000 - 0x000007fefdc67000 	C:\windows\system32\GDI32.dll
0x000007fefdaf0000 - 0x000007fefdafe000 	C:\windows\system32\LPK.dll
0x000007fefe5b0000 - 0x000007fefe67a000 	C:\windows\system32\USP10.dll
0x000007fefc0e0000 - 0x000007fefc2d4000 	C:\windows\WinSxS\amd64_microsoft.windows.common-controls_6595b64144ccf1df_6.0.7601.18837_none_fa3b1e3d17594757\COMCTL32.dll
0x000007fefdb00000 - 0x000007fefdb71000 	C:\windows\system32\SHLWAPI.dll
0x000007fefe680000 - 0x000007fefe6ae000 	C:\windows\system32\IMM32.DLL
0x000007fefdda0000 - 0x000007fefdea9000 	C:\windows\system32\MSCTF.dll
0x000000005fc50000 - 0x000000005fd22000 	E:\ASE\jre\jre\bin\msvcr100.dll
0x000000005fd30000 - 0x0000000060564000 	E:\ASE\jre\jre\bin\server\jvm.dll
0x000007fef7570000 - 0x000007fef7579000 	C:\windows\system32\WSOCK32.dll
0x000007fefe2c0000 - 0x000007fefe30d000 	C:\windows\system32\WS2_32.dll
0x000007fefe6b0000 - 0x000007fefe6b8000 	C:\windows\system32\NSI.dll
0x000007fefa800000 - 0x000007fefa83b000 	C:\windows\system32\WINMM.dll
0x000007fefc7a0000 - 0x000007fefc7ac000 	C:\windows\system32\VERSION.dll
0x00000000773b0000 - 0x00000000773b7000 	C:\windows\system32\PSAPI.DLL
0x000007fef7560000 - 0x000007fef756f000 	E:\ASE\jre\jre\bin\verify.dll
0x000007fef3960000 - 0x000007fef3989000 	E:\ASE\jre\jre\bin\java.dll
0x000007fef3940000 - 0x000007fef3956000 	E:\ASE\jre\jre\bin\zip.dll
0x000007fefe760000 - 0x000007feff4e9000 	C:\windows\system32\SHELL32.dll
0x000007fefe0b0000 - 0x000007fefe2b3000 	C:\windows\system32\ole32.dll
0x000007fefd640000 - 0x000007fefd64f000 	C:\windows\system32\profapi.dll
0x000007fef4610000 - 0x000007fef462a000 	E:\ASE\jre\jre\bin\net.dll
0x000007fefce70000 - 0x000007fefcec5000 	C:\windows\system32\mswsock.dll
0x000007fefce60000 - 0x000007fefce67000 	C:\windows\System32\wship6.dll
0x000007fef4280000 - 0x000007fef4291000 	E:\ASE\jre\jre\bin\nio.dll
0x000007fef43c0000 - 0x000007fef43d2000 	C:\Users\Administrator\.gradle\native\19\windows-amd64\native-platform.dll
0x000007fefced0000 - 0x000007fefcee8000 	C:\windows\system32\CRYPTSP.dll
0x000007fefcbd0000 - 0x000007fefcc17000 	C:\windows\system32\rsaenh.dll
0x000007fefc990000 - 0x000007fefc9ae000 	C:\windows\system32\USERENV.dll
0x000007fefd530000 - 0x000007fefd53f000 	C:\windows\system32\CRYPTBASE.dll
0x000007fefb160000 - 0x000007fefb187000 	C:\windows\system32\IPHLPAPI.DLL
0x000007fefb150000 - 0x000007fefb15b000 	C:\windows\system32\WINNSI.DLL
0x000007fefb050000 - 0x000007fefb061000 	C:\windows\system32\dhcpcsvc6.DLL
0x000007fefb030000 - 0x000007fefb048000 	C:\windows\system32\dhcpcsvc.DLL
0x000007fef41e0000 - 0x000007fef41ed000 	E:\ASE\jre\jre\bin\management.dll
0x000007fefd4d0000 - 0x000007fefd527000 	C:\windows\system32\apphelp.dll
0x000007fef3e80000 - 0x000007fef3fa5000 	C:\windows\system32\dbghelp.dll

VM Arguments:
jvm_args: -Xmx1536m -Dfile.encoding=GBK -Duser.country=CN -Duser.language=zh -Duser.variant 
java_command: org.gradle.launcher.daemon.bootstrap.GradleDaemon 2.14.1
java_class_path (initial): E:\ASE\gradle\gradle-2.14.1\lib\gradle-launcher-2.14.1.jar
Launcher Type: SUN_STANDARD

Environment Variables:
PATH=C:\ProgramData\Oracle\Java\javapath;C:\windows\system32;C:\windows;C:\windows\System32\Wbem;C:\windows\System32\WindowsPowerShell\v1.0\
USERNAME=Administrator
OS=Windows_NT
PROCESSOR_IDENTIFIER=Intel64 Family 6 Model 60 Stepping 3, GenuineIntel



---------------  S Y S T E M  ---------------

OS: Windows 7 , 64 bit Build 7601 (6.1.7601.19160)

CPU:total 4 (2 cores per cpu, 2 threads per core) family 6 model 60 stepping 3, cmov, cx8, fxsr, mmx, sse, sse2, sse3, ssse3, sse4.1, sse4.2, popcnt, avx, avx2, aes, clmul, erms, lzcnt, ht, tsc, tscinvbit, bmi1, bmi2

Memory: 4k page, physical 8299388k(5239532k free), swap 16596940k(13344996k free)

vm_info: OpenJDK 64-Bit Server VM (25.76-b03) for windows-amd64 JRE (1.8.0_76-release-b03), built on Jun 29 2016 19:09:20 by "ralucas" with MS VC++ 10.0 (VS2010)

time: Mon Dec 05 10:43:13 2016
elapsed time: 4 seconds (0d 0h 0m 4s)

